<?xml version="1.0" encoding="UTF-8"?>
<!-- Generated by org.testng.reporters.JUnitXMLReporter -->
<testsuite ignored="0" hostname="DESKTOP-67JN0NJ" failures="0" tests="4" name="Test" time="0.056" errors="0" timestamp="2021-12-06T08:26:48 CST">
  <testcase classname="isapepito.Mavenjava.AppiumTest" name="IOSApps" time="0.008"/>
  <testcase classname="isapepito.Mavenjava.AppiumTest" name="NativeAppAndroid" time="0.001"/>
  <testcase classname="isapepito.Mavenjava.SeleniumTest" name="BrowserAutomation" time="0.001"/>
  <testcase classname="isapepito.Mavenjava.SeleniumTest" name="elementsUI" time="0.001"/>
</testsuite> <!-- Test -->
