<?xml version="1.0" encoding="UTF-8"?>
<!-- Generated by org.testng.reporters.JUnitXMLReporter -->
<testsuite hostname="DESKTOP-67JN0NJ" ignored="0" name="Test" tests="4" failures="0" timestamp="2021-11-24T15:00:31 CST" time="0.053" errors="0">
  <testcase name="IOSApps" time="0.005" classname="isapepito.Mavenjava.AppiumTest"/>
  <testcase name="NativeAppAndroid" time="0.0" classname="isapepito.Mavenjava.AppiumTest"/>
  <testcase name="BrowserAutomation" time="0.001" classname="isapepito.Mavenjava.SeleniumTest"/>
  <testcase name="elementsUI" time="0.0" classname="isapepito.Mavenjava.SeleniumTest"/>
</testsuite> <!-- Test -->
