<?xml version="1.0" encoding="UTF-8"?>
<testng-results ignored="0" total="4" passed="4" failed="0" skipped="0">
  <reporter-output>
  </reporter-output>
  <suite started-at="2021-12-06T08:26:48 CST" name="Suite" finished-at="2021-12-06T08:26:48 CST" duration-ms="56">
    <groups>
    </groups>
    <test started-at="2021-12-06T08:26:48 CST" name="Test" finished-at="2021-12-06T08:26:48 CST" duration-ms="56">
      <class name="isapepito.Mavenjava.AppiumTest">
        <test-method signature="IOSApps()[pri:0, instance:isapepito.Mavenjava.AppiumTest@6fd83fc1]" started-at="2021-12-06T08:26:48 CST" name="IOSApps" finished-at="2021-12-06T08:26:48 CST" duration-ms="8" status="PASS">
          <reporter-output>
          </reporter-output>
        </test-method> <!-- IOSApps -->
        <test-method signature="NativeAppAndroid()[pri:0, instance:isapepito.Mavenjava.AppiumTest@6fd83fc1]" started-at="2021-12-06T08:26:48 CST" name="NativeAppAndroid" finished-at="2021-12-06T08:26:48 CST" duration-ms="1" status="PASS">
          <reporter-output>
          </reporter-output>
        </test-method> <!-- NativeAppAndroid -->
      </class> <!-- isapepito.Mavenjava.AppiumTest -->
      <class name="isapepito.Mavenjava.SeleniumTest">
        <test-method signature="BrowserAutomation()[pri:0, instance:isapepito.Mavenjava.SeleniumTest@53ce1329]" started-at="2021-12-06T08:26:48 CST" name="BrowserAutomation" finished-at="2021-12-06T08:26:48 CST" duration-ms="1" status="PASS">
          <reporter-output>
          </reporter-output>
        </test-method> <!-- BrowserAutomation -->
        <test-method signature="elementsUI()[pri:0, instance:isapepito.Mavenjava.SeleniumTest@53ce1329]" started-at="2021-12-06T08:26:48 CST" name="elementsUI" finished-at="2021-12-06T08:26:48 CST" duration-ms="1" status="PASS">
          <reporter-output>
          </reporter-output>
        </test-method> <!-- elementsUI -->
      </class> <!-- isapepito.Mavenjava.SeleniumTest -->
    </test> <!-- Test -->
  </suite> <!-- Suite -->
</testng-results>
